<?xml version="1.0" encoding="UTF-8"?>
<!-- Generated by org.testng.reporters.JUnitReportReporter -->
<testsuite hostname="Umesh-Marwaha" failures="0" tests="10" name="Day12.InvocationCountDemo" time="0.029" errors="0" timestamp="2024-04-04T16:34:54 IST" skipped="0">
  <testcase classname="Day12.InvocationCountDemo" name="test" time="0.001"/>
  <system-out/>
  <testcase classname="Day12.InvocationCountDemo" name="test" time="0.001"/>
  <system-out/>
  <testcase classname="Day12.InvocationCountDemo" name="test" time="0.001"/>
  <system-out/>
  <testcase classname="Day12.InvocationCountDemo" name="test" time="0.002"/>
  <system-out/>
  <testcase classname="Day12.InvocationCountDemo" name="test" time="0.002"/>
  <system-out/>
  <testcase classname="Day12.InvocationCountDemo" name="test" time="0.002"/>
  <system-out/>
  <testcase classname="Day12.InvocationCountDemo" name="test" time="0.002"/>
  <system-out/>
  <testcase classname="Day12.InvocationCountDemo" name="test" time="0.001"/>
  <system-out/>
  <testcase classname="Day12.InvocationCountDemo" name="test" time="0.003"/>
  <system-out/>
  <testcase classname="Day12.InvocationCountDemo" name="test" time="0.014"/>
  <system-out/>
</testsuite> <!-- Day12.InvocationCountDemo -->
