<?xml version="1.0" encoding="UTF-8"?>
<!-- Generated by org.testng.reporters.JUnitReportReporter -->
<testsuite hostname="Umesh-Marwaha" failures="0" tests="3" name="Day12.GroupingDemo" time="0.017" errors="0" timestamp="2024-04-03T18:22:11 IST" skipped="0">
  <testcase classname="Day12.GroupingDemo" name="loginbyFacebook" time="0.013"/>
  <system-out/>
  <testcase classname="Day12.GroupingDemo" name="loginbyTwitter" time="0.002"/>
  <system-out/>
  <testcase classname="Day12.GroupingDemo" name="paymentinDollar" time="0.002"/>
  <system-out/>
</testsuite> <!-- Day12.GroupingDemo -->
