<?xml version="1.0" encoding="UTF-8"?>
<!-- Generated by org.testng.reporters.JUnitReportReporter -->
<testsuite hostname="Umesh-Marwaha" failures="0" tests="5" name="Day12.DependentMethods" time="0.018" errors="0" timestamp="2024-04-01T18:53:03 IST" skipped="0">
  <testcase classname="Day12.DependentMethods" name="openurl" time="0.012"/>
  <system-out/>
  <testcase classname="Day12.DependentMethods" name="login" time="0.002"/>
  <system-out/>
  <testcase classname="Day12.DependentMethods" name="search" time="0.001"/>
  <system-out/>
  <testcase classname="Day12.DependentMethods" name="advancedsearch" time="0.001"/>
  <system-out/>
  <testcase classname="Day12.DependentMethods" name="logout" time="0.002"/>
  <system-out/>
</testsuite> <!-- Day12.DependentMethods -->
