<?xml version="1.0" encoding="UTF-8"?>
<!-- Generated by org.testng.reporters.JUnitReportReporter -->
<testsuite hostname="Umesh-Marwaha" failures="0" tests="3" name="Day11.FirstTestngDemo" time="0.012" errors="0" timestamp="2024-03-29T10:56:56 IST" skipped="0">
  <testcase classname="Day11.FirstTestngDemo" name="Test2" time="0.002"/>
  <system-out/>
  <testcase classname="Day11.FirstTestngDemo" name="Test3" time="0.001"/>
  <system-out/>
  <testcase classname="Day11.FirstTestngDemo" name="Test1" time="0.009"/>
  <system-out/>
</testsuite> <!-- Day11.FirstTestngDemo -->
