<?xml version="1.0" encoding="UTF-8"?>
<!-- Generated by org.testng.reporters.JUnitReportReporter -->
<testsuite hostname="Umesh-Marwaha" failures="0" tests="1" name="Day13.LoginTest" time="1.891" errors="0" timestamp="2024-04-10T11:05:01 IST" skipped="0">
  <testcase classname="Day13.LoginTest" name="TestLogin" time="1.891"/>
  <system-out/>
</testsuite> <!-- Day13.LoginTest -->
