<?xml version="1.0" encoding="UTF-8"?>
<!-- Generated by org.testng.reporters.JUnitReportReporter -->
<testsuite hostname="Umesh-Marwaha" failures="0" tests="4" name="Day12.Annotations" time="0.017" errors="0" timestamp="2024-04-01T18:25:38 IST" skipped="0">
  <testcase classname="Day12.Annotations" name="search" time="0.009"/>
  <system-out/>
  <testcase classname="Day12.Annotations" name="search" time="0.001"/>
  <system-out/>
  <testcase classname="Day12.Annotations" name="advancedsearch" time="0.002"/>
  <system-out/>
  <testcase classname="Day12.Annotations" name="advancedsearch" time="0.005"/>
  <system-out/>
</testsuite> <!-- Day12.Annotations -->
