<?xml version="1.0" encoding="UTF-8"?>
<!-- Generated by org.testng.reporters.JUnitReportReporter -->
<testsuite hostname="Umesh-Marwaha" failures="0" tests="1" name="Day14.BTESTest" time="4.574" errors="0" timestamp="2024-04-10T11:37:20 IST" skipped="0">
  <testcase classname="Day14.BTESTest" name="TestLogin" time="4.574"/>
  <system-out/>
</testsuite> <!-- Day14.BTESTest -->
